<?xml version="1.0" encoding="UTF-8"?>
<testng-results ignored="0" total="1" passed="1" failed="0" skipped="0">
  <reporter-output>
  </reporter-output>
  <suite started-at="2024-10-17T00:39:06 IST" name="Surefire suite" finished-at="2024-10-17T00:39:06 IST" duration-ms="96">
    <groups>
    </groups>
    <test started-at="2024-10-17T00:39:06 IST" name="Surefire test" finished-at="2024-10-17T00:39:06 IST" duration-ms="96">
      <class name="profiles.app.prodTest.Inte">
        <test-method signature="unitTest()[pri:0, instance:profiles.app.prodTest.Inte@525b461a]" started-at="2024-10-17T00:39:06 IST" name="unitTest" finished-at="2024-10-17T00:39:06 IST" duration-ms="14" status="PASS">
          <reporter-output>
          </reporter-output>
        </test-method> <!-- unitTest -->
      </class> <!-- profiles.app.prodTest.Inte -->
    </test> <!-- Surefire test -->
  </suite> <!-- Surefire suite -->
</testng-results>
